/Users/joyboy/Library/Python/3.13/lib/python/site-packages/imageio/core/util.py:508: UserWarning: pkg_resources is deprecated as an API. See https://setuptools.pypa.io/en/latest/pkg_resources.html. The pkg_resources package is slated for removal as early as 2025-11-30. Refrain from using this package or pin to Setuptools<81.
  import pkg_resources
/opt/homebrew/lib/python3.13/site-packages/torch/nn/modules/module.py:1864: FutureWarning: Using a non-full backward hook when the forward contains multiple autograd Nodes is deprecated and will be removed in future versions. This hook will be missing some grad_input. Please use register_full_backward_hook to get the documented behavior.
  self._maybe_warn_non_full_backward_hook(args, result, grad_fn)
[resnet50] Epoch 1: train_loss=0.5538 val_roc=0.5000
[resnet50] Epoch 2: train_loss=0.5407 val_roc=0.5000
[resnet50] Epoch 3: train_loss=0.5364 val_roc=0.5000
[resnet50] Epoch 4: train_loss=0.5371 val_roc=0.5000
[resnet50] Epoch 5: train_loss=0.5378 val_roc=0.5000
[resnet50] Epoch 6: train_loss=0.5345 val_roc=0.5000
[resnet50] Epoch 7: train_loss=0.5359 val_roc=0.5000
[resnet50] Epoch 8: train_loss=0.5382 val_roc=0.5000
[resnet50] Epoch 9: train_loss=0.5331 val_roc=0.5000
[resnet50] Early stopping
[vit_b_16] Epoch 1: train_loss=0.5369 val_roc=0.5000
[vit_b_16] Epoch 2: train_loss=0.5338 val_roc=0.5000
[vit_b_16] Epoch 3: train_loss=0.5332 val_roc=0.5000
[vit_b_16] Epoch 4: train_loss=0.5688 val_roc=0.5000
[vit_b_16] Epoch 5: train_loss=0.5341 val_roc=0.5000
[vit_b_16] Epoch 6: train_loss=0.5375 val_roc=0.5000
[vit_b_16] Epoch 7: train_loss=0.5409 val_roc=0.5000
[vit_b_16] Epoch 8: train_loss=0.5416 val_roc=0.5000
[vit_b_16] Epoch 9: train_loss=0.5418 val_roc=0.5000
[vit_b_16] Early stopping
Arch vit_b_16 failed: 'VisionTransformer' object has no attribute 'layer4'
{
  "best_arch": "resnet50",
  "models": {
    "checkpoint": "/Users/joyboy/Documents/cursor/project-root/models/vit_image_model.pth",
    "config": "/Users/joyboy/Documents/cursor/project-root/models/vit_image_config.json",
    "preprocessing": "/Users/joyboy/Documents/cursor/project-root/models/preprocessing_image_pipeline.joblib"
  },
  "reports": {
    "metrics": "/Users/joyboy/Documents/cursor/project-root/reports/image/metrics.json",
    "plots_dir": "/Users/joyboy/Documents/cursor/project-root/reports/image/plots",
    "gradcam_dir": "/Users/joyboy/Documents/cursor/project-root/reports/image/gradcam/resnet50",
    "judge_samples": "/Users/joyboy/Documents/cursor/project-root/reports/image/judge_samples/resnet50"
  }
}
